2025-11-19 13:53:51 - analyzer - ERROR - AI模型API调用失败: Not Found
2025-11-19 13:54:01 - analyzer - ERROR - AI模型API调用失败: Not Found
2025-11-19 13:58:16 - analyzer - ERROR - AI模型API调用失败: Not Found
2025-11-19 13:58:21 - analyzer - ERROR - AI模型API调用失败: Not Found
2025-11-19 16:55:23 - analyzer - DEBUG - 从班级名称 '五年级1班' 中提取到年级: 5
2025-11-19 16:55:23 - analyzer - DEBUG - 从班级名称 '一年级1班' 中提取到年级: 1
2025-11-19 16:55:23 - analyzer - DEBUG - 从班级名称 '3年级2班' 中提取到年级: 3
2025-11-19 16:55:23 - analyzer - DEBUG - 从班级名称 '九年级1班' 中提取到年级: 9
2025-11-19 16:55:23 - analyzer - DEBUG - 从班级名称 '二年级3班' 中提取到年级: 2
2025-11-19 16:55:23 - analyzer - DEBUG - 从班级名称 '6年级5班' 中提取到年级: 6
2025-11-19 16:55:23 - analyzer - DEBUG - 从班级名称 '三年级一班' 中提取到年级: 3
2025-11-19 16:55:23 - analyzer - DEBUG - 从班级名称 '四年级二班' 中提取到年级: 4
2025-11-19 16:55:23 - analyzer - DEBUG - 从班级名称 '七年级1班' 中提取到年级: 7
2025-11-19 16:55:23 - analyzer - DEBUG - 从班级名称 '8年级2班' 中提取到年级: 8
2025-11-19 17:01:14 - analyzer - DEBUG - 从班级名称 '一年级144班' 中提取到年级: 1
2025-11-19 17:01:41 - analyzer - DEBUG - 从班级名称 '六年级1班' 中提取到年级: 6
2025-11-20 10:51:15 - analyzer - DEBUG - 从班级名称 '三年级3班' 中提取到年级: 3
2025-11-20 15:51:30 - analyzer - DEBUG - 从班级名称 '五年级1班' 中提取到年级: 5
2025-11-20 16:41:01 - analyzer - DEBUG - 从班级名称 '一年级一班' 中提取到年级: 1
2025-11-21 14:49:53 - analyzer - DEBUG - 从班级名称 '一年级100班' 中提取到年级: 1
2025-11-21 14:49:53 - analyzer - DEBUG - 从班级名称 '一年级101班' 中提取到年级: 1
2025-11-21 14:49:53 - analyzer - DEBUG - 从班级名称 '一年级102班' 中提取到年级: 1
2025-11-21 14:49:53 - analyzer - DEBUG - 从班级名称 '一年级103班' 中提取到年级: 1
2025-11-21 14:49:53 - analyzer - DEBUG - 从班级名称 '一年级104班' 中提取到年级: 1
2025-11-21 14:49:53 - analyzer - DEBUG - 从班级名称 '一年级105班' 中提取到年级: 1
2025-11-21 14:49:53 - analyzer - DEBUG - 从班级名称 '一年级106班' 中提取到年级: 1
2025-11-21 14:49:53 - analyzer - DEBUG - 从班级名称 '一年级107班' 中提取到年级: 1
2025-11-21 14:49:53 - analyzer - DEBUG - 从班级名称 '一年级108班' 中提取到年级: 1
2025-11-21 14:49:53 - analyzer - DEBUG - 从班级名称 '一年级109班' 中提取到年级: 1
2025-11-21 14:49:53 - analyzer - DEBUG - 从班级名称 '一年级10班' 中提取到年级: 1
2025-11-21 14:49:53 - analyzer - DEBUG - 从班级名称 '一年级110班' 中提取到年级: 1
2025-11-21 14:49:53 - analyzer - DEBUG - 从班级名称 '一年级111班' 中提取到年级: 1
2025-11-21 14:49:53 - analyzer - DEBUG - 从班级名称 '一年级112班' 中提取到年级: 1
2025-11-21 14:49:54 - analyzer - DEBUG - 从班级名称 '一年级113班' 中提取到年级: 1
2025-11-21 14:49:54 - analyzer - DEBUG - 从班级名称 '一年级114班' 中提取到年级: 1
2025-11-21 14:49:54 - analyzer - DEBUG - 从班级名称 '一年级115班' 中提取到年级: 1
2025-11-21 14:49:54 - analyzer - DEBUG - 从班级名称 '一年级116班' 中提取到年级: 1
2025-11-21 14:49:54 - analyzer - DEBUG - 从班级名称 '一年级117班' 中提取到年级: 1
2025-11-21 14:49:54 - analyzer - DEBUG - 从班级名称 '一年级118班' 中提取到年级: 1
2025-11-21 14:49:54 - analyzer - DEBUG - 从班级名称 '一年级119班' 中提取到年级: 1
2025-11-21 14:49:54 - analyzer - DEBUG - 从班级名称 '一年级11班' 中提取到年级: 1
2025-11-21 14:49:54 - analyzer - DEBUG - 从班级名称 '一年级120班' 中提取到年级: 1
2025-11-21 14:49:54 - analyzer - DEBUG - 从班级名称 '一年级121班' 中提取到年级: 1
2025-11-21 14:49:54 - analyzer - DEBUG - 从班级名称 '一年级122班' 中提取到年级: 1
2025-11-21 14:49:54 - analyzer - DEBUG - 从班级名称 '一年级123班' 中提取到年级: 1
2025-11-21 14:49:54 - analyzer - DEBUG - 从班级名称 '一年级124班' 中提取到年级: 1
2025-11-21 14:49:55 - analyzer - DEBUG - 从班级名称 '一年级125班' 中提取到年级: 1
2025-11-21 14:49:55 - analyzer - DEBUG - 从班级名称 '一年级126班' 中提取到年级: 1
2025-11-21 14:49:55 - analyzer - DEBUG - 从班级名称 '一年级127班' 中提取到年级: 1
2025-11-21 14:49:55 - analyzer - DEBUG - 从班级名称 '一年级128班' 中提取到年级: 1
2025-11-21 14:49:55 - analyzer - DEBUG - 从班级名称 '一年级129班' 中提取到年级: 1
2025-11-21 14:49:55 - analyzer - DEBUG - 从班级名称 '一年级12班' 中提取到年级: 1
2025-11-21 14:49:55 - analyzer - DEBUG - 从班级名称 '一年级130班' 中提取到年级: 1
2025-11-21 14:49:55 - analyzer - DEBUG - 从班级名称 '一年级131班' 中提取到年级: 1
2025-11-21 14:49:55 - analyzer - DEBUG - 从班级名称 '一年级132班' 中提取到年级: 1
2025-11-21 14:49:55 - analyzer - DEBUG - 从班级名称 '一年级133班' 中提取到年级: 1
2025-11-21 14:49:55 - analyzer - DEBUG - 从班级名称 '一年级134班' 中提取到年级: 1
2025-11-21 14:49:56 - analyzer - DEBUG - 从班级名称 '一年级135班' 中提取到年级: 1
2025-11-21 14:49:56 - analyzer - DEBUG - 从班级名称 '一年级136班' 中提取到年级: 1
2025-11-21 14:49:56 - analyzer - DEBUG - 从班级名称 '一年级137班' 中提取到年级: 1
2025-11-21 14:49:56 - analyzer - DEBUG - 从班级名称 '一年级138班' 中提取到年级: 1
2025-11-21 14:49:56 - analyzer - DEBUG - 从班级名称 '一年级139班' 中提取到年级: 1
2025-11-21 14:49:56 - analyzer - DEBUG - 从班级名称 '一年级13班' 中提取到年级: 1
2025-11-21 14:49:56 - analyzer - DEBUG - 从班级名称 '一年级140班' 中提取到年级: 1
2025-11-21 14:49:56 - analyzer - DEBUG - 从班级名称 '一年级141班' 中提取到年级: 1
2025-11-21 14:49:56 - analyzer - DEBUG - 从班级名称 '一年级142班' 中提取到年级: 1
2025-11-21 14:49:56 - analyzer - DEBUG - 从班级名称 '一年级143班' 中提取到年级: 1
2025-11-21 14:49:57 - analyzer - DEBUG - 从班级名称 '一年级144班' 中提取到年级: 1
2025-11-21 14:49:57 - analyzer - DEBUG - 从班级名称 '一年级145班' 中提取到年级: 1
2025-11-21 14:49:57 - analyzer - DEBUG - 从班级名称 '一年级146班' 中提取到年级: 1
2025-11-21 14:49:57 - analyzer - DEBUG - 从班级名称 '一年级147班' 中提取到年级: 1
2025-11-21 14:49:57 - analyzer - DEBUG - 从班级名称 '一年级148班' 中提取到年级: 1
2025-11-21 14:49:57 - analyzer - DEBUG - 从班级名称 '一年级14班' 中提取到年级: 1
2025-11-21 14:49:57 - analyzer - DEBUG - 从班级名称 '一年级15班' 中提取到年级: 1
2025-11-21 14:49:57 - analyzer - DEBUG - 从班级名称 '一年级16班' 中提取到年级: 1
2025-11-21 14:49:57 - analyzer - DEBUG - 从班级名称 '一年级17班' 中提取到年级: 1
2025-11-21 14:49:57 - analyzer - DEBUG - 从班级名称 '一年级18班' 中提取到年级: 1
2025-11-21 14:49:58 - analyzer - DEBUG - 从班级名称 '一年级19班' 中提取到年级: 1
2025-11-21 14:49:58 - analyzer - DEBUG - 从班级名称 '一年级1班' 中提取到年级: 1
2025-11-21 14:49:58 - analyzer - DEBUG - 从班级名称 '一年级20班' 中提取到年级: 1
2025-11-21 14:49:58 - analyzer - DEBUG - 从班级名称 '一年级21班' 中提取到年级: 1
2025-11-21 14:49:58 - analyzer - DEBUG - 从班级名称 '一年级22班' 中提取到年级: 1
2025-11-21 14:49:58 - analyzer - DEBUG - 从班级名称 '一年级23班' 中提取到年级: 1
2025-11-21 14:49:58 - analyzer - DEBUG - 从班级名称 '一年级24班' 中提取到年级: 1
2025-11-21 14:49:58 - analyzer - DEBUG - 从班级名称 '一年级25班' 中提取到年级: 1
2025-11-21 14:49:58 - analyzer - DEBUG - 从班级名称 '一年级26班' 中提取到年级: 1
2025-11-21 14:49:59 - analyzer - DEBUG - 从班级名称 '一年级27班' 中提取到年级: 1
2025-11-21 14:49:59 - analyzer - DEBUG - 从班级名称 '一年级28班' 中提取到年级: 1
2025-11-21 14:49:59 - analyzer - DEBUG - 从班级名称 '一年级29班' 中提取到年级: 1
2025-11-21 14:49:59 - analyzer - DEBUG - 从班级名称 '一年级2班' 中提取到年级: 1
2025-11-21 14:49:59 - analyzer - DEBUG - 从班级名称 '一年级30班' 中提取到年级: 1
2025-11-21 14:49:59 - analyzer - DEBUG - 从班级名称 '一年级31班' 中提取到年级: 1
2025-11-21 14:49:59 - analyzer - DEBUG - 从班级名称 '一年级32班' 中提取到年级: 1
2025-11-21 14:49:59 - analyzer - DEBUG - 从班级名称 '一年级33班' 中提取到年级: 1
2025-11-21 14:49:59 - analyzer - DEBUG - 从班级名称 '一年级34班' 中提取到年级: 1
2025-11-21 14:50:00 - analyzer - DEBUG - 从班级名称 '一年级35班' 中提取到年级: 1
2025-11-21 14:50:00 - analyzer - DEBUG - 从班级名称 '一年级36班' 中提取到年级: 1
2025-11-21 14:50:00 - analyzer - DEBUG - 从班级名称 '一年级37班' 中提取到年级: 1
2025-11-21 14:50:00 - analyzer - DEBUG - 从班级名称 '一年级38班' 中提取到年级: 1
2025-11-21 14:50:00 - analyzer - DEBUG - 从班级名称 '一年级39班' 中提取到年级: 1
2025-11-21 14:50:00 - analyzer - DEBUG - 从班级名称 '一年级3班' 中提取到年级: 1
2025-11-21 14:50:00 - analyzer - DEBUG - 从班级名称 '一年级40班' 中提取到年级: 1
2025-11-21 14:50:01 - analyzer - DEBUG - 从班级名称 '一年级41班' 中提取到年级: 1
2025-11-21 14:50:01 - analyzer - DEBUG - 从班级名称 '一年级42班' 中提取到年级: 1
2025-11-21 14:50:01 - analyzer - DEBUG - 从班级名称 '一年级43班' 中提取到年级: 1
2025-11-21 14:50:01 - analyzer - DEBUG - 从班级名称 '一年级44班' 中提取到年级: 1
2025-11-21 14:50:01 - analyzer - DEBUG - 从班级名称 '一年级45班' 中提取到年级: 1
2025-11-21 14:50:01 - analyzer - DEBUG - 从班级名称 '一年级46班' 中提取到年级: 1
2025-11-21 14:50:01 - analyzer - DEBUG - 从班级名称 '一年级47班' 中提取到年级: 1
2025-11-21 14:50:01 - analyzer - DEBUG - 从班级名称 '一年级48班' 中提取到年级: 1
2025-11-21 14:50:02 - analyzer - DEBUG - 从班级名称 '一年级49班' 中提取到年级: 1
2025-11-21 14:50:02 - analyzer - DEBUG - 从班级名称 '一年级4班' 中提取到年级: 1
2025-11-21 14:50:02 - analyzer - DEBUG - 从班级名称 '一年级50班' 中提取到年级: 1
2025-11-21 14:50:02 - analyzer - DEBUG - 从班级名称 '一年级51班' 中提取到年级: 1
2025-11-21 14:50:02 - analyzer - DEBUG - 从班级名称 '一年级52班' 中提取到年级: 1
2025-11-21 14:50:02 - analyzer - DEBUG - 从班级名称 '一年级53班' 中提取到年级: 1
2025-11-21 14:50:02 - analyzer - DEBUG - 从班级名称 '一年级54班' 中提取到年级: 1
2025-11-21 14:50:02 - analyzer - DEBUG - 从班级名称 '一年级55班' 中提取到年级: 1
2025-11-21 14:50:03 - analyzer - DEBUG - 从班级名称 '一年级56班' 中提取到年级: 1
2025-11-21 14:50:03 - analyzer - DEBUG - 从班级名称 '一年级57班' 中提取到年级: 1
2025-11-21 14:50:03 - analyzer - DEBUG - 从班级名称 '一年级58班' 中提取到年级: 1
2025-11-21 14:50:03 - analyzer - DEBUG - 从班级名称 '一年级59班' 中提取到年级: 1
2025-11-21 14:50:03 - analyzer - DEBUG - 从班级名称 '一年级5班' 中提取到年级: 1
2025-11-21 14:50:03 - analyzer - DEBUG - 从班级名称 '一年级60班' 中提取到年级: 1
2025-11-21 14:50:03 - analyzer - DEBUG - 从班级名称 '一年级61班' 中提取到年级: 1
2025-11-21 14:50:04 - analyzer - DEBUG - 从班级名称 '一年级62班' 中提取到年级: 1
2025-11-21 14:50:04 - analyzer - DEBUG - 从班级名称 '一年级63班' 中提取到年级: 1
2025-11-21 14:50:04 - analyzer - DEBUG - 从班级名称 '一年级64班' 中提取到年级: 1
2025-11-21 14:50:04 - analyzer - DEBUG - 从班级名称 '一年级65班' 中提取到年级: 1
2025-11-21 14:50:04 - analyzer - DEBUG - 从班级名称 '一年级66班' 中提取到年级: 1
2025-11-21 14:50:04 - analyzer - DEBUG - 从班级名称 '一年级67班' 中提取到年级: 1
2025-11-21 14:50:04 - analyzer - DEBUG - 从班级名称 '一年级68班' 中提取到年级: 1
2025-11-21 14:50:05 - analyzer - DEBUG - 从班级名称 '一年级69班' 中提取到年级: 1
2025-11-21 14:50:05 - analyzer - DEBUG - 从班级名称 '一年级6班' 中提取到年级: 1
2025-11-21 14:50:05 - analyzer - DEBUG - 从班级名称 '一年级70班' 中提取到年级: 1
2025-11-21 14:50:05 - analyzer - DEBUG - 从班级名称 '一年级71班' 中提取到年级: 1
2025-11-21 14:50:05 - analyzer - DEBUG - 从班级名称 '一年级72班' 中提取到年级: 1
2025-11-21 14:50:05 - analyzer - DEBUG - 从班级名称 '一年级73班' 中提取到年级: 1
2025-11-21 14:50:05 - analyzer - DEBUG - 从班级名称 '一年级74班' 中提取到年级: 1
2025-11-21 14:50:06 - analyzer - DEBUG - 从班级名称 '一年级75班' 中提取到年级: 1
2025-11-21 14:50:06 - analyzer - DEBUG - 从班级名称 '一年级76班' 中提取到年级: 1
2025-11-21 14:50:06 - analyzer - DEBUG - 从班级名称 '一年级77班' 中提取到年级: 1
2025-11-21 14:50:06 - analyzer - DEBUG - 从班级名称 '一年级78班' 中提取到年级: 1
2025-11-21 14:50:06 - analyzer - DEBUG - 从班级名称 '一年级79班' 中提取到年级: 1
2025-11-21 14:50:06 - analyzer - DEBUG - 从班级名称 '一年级7班' 中提取到年级: 1
2025-11-21 14:50:06 - analyzer - DEBUG - 从班级名称 '一年级80班' 中提取到年级: 1
2025-11-21 14:50:07 - analyzer - DEBUG - 从班级名称 '一年级81班' 中提取到年级: 1
2025-11-21 14:50:07 - analyzer - DEBUG - 从班级名称 '一年级82班' 中提取到年级: 1
2025-11-21 14:50:07 - analyzer - DEBUG - 从班级名称 '一年级83班' 中提取到年级: 1
2025-11-21 14:50:07 - analyzer - DEBUG - 从班级名称 '一年级84班' 中提取到年级: 1
2025-11-21 14:50:07 - analyzer - DEBUG - 从班级名称 '一年级85班' 中提取到年级: 1
2025-11-21 14:50:07 - analyzer - DEBUG - 从班级名称 '一年级86班' 中提取到年级: 1
2025-11-21 14:50:08 - analyzer - DEBUG - 从班级名称 '一年级87班' 中提取到年级: 1
2025-11-21 14:50:08 - analyzer - DEBUG - 从班级名称 '一年级88班' 中提取到年级: 1
2025-11-21 14:50:08 - analyzer - DEBUG - 从班级名称 '一年级89班' 中提取到年级: 1
2025-11-21 14:50:08 - analyzer - DEBUG - 从班级名称 '一年级8班' 中提取到年级: 1
2025-11-21 14:50:08 - analyzer - DEBUG - 从班级名称 '一年级90班' 中提取到年级: 1
2025-11-21 14:50:08 - analyzer - DEBUG - 从班级名称 '一年级91班' 中提取到年级: 1
2025-11-21 14:50:08 - analyzer - DEBUG - 从班级名称 '一年级92班' 中提取到年级: 1
2025-11-21 14:50:09 - analyzer - DEBUG - 从班级名称 '一年级93班' 中提取到年级: 1
2025-11-21 14:50:09 - analyzer - DEBUG - 从班级名称 '一年级94班' 中提取到年级: 1
2025-11-21 14:50:09 - analyzer - DEBUG - 从班级名称 '一年级95班' 中提取到年级: 1
2025-11-21 14:50:09 - analyzer - DEBUG - 从班级名称 '一年级96班' 中提取到年级: 1
2025-11-21 14:50:09 - analyzer - DEBUG - 从班级名称 '一年级97班' 中提取到年级: 1
2025-11-21 14:50:09 - analyzer - DEBUG - 从班级名称 '一年级98班' 中提取到年级: 1
2025-11-21 14:50:10 - analyzer - DEBUG - 从班级名称 '一年级99班' 中提取到年级: 1
2025-11-21 14:50:10 - analyzer - DEBUG - 从班级名称 '一年级9班' 中提取到年级: 1
2025-11-21 14:50:10 - analyzer - DEBUG - 从班级名称 '三年级100班' 中提取到年级: 3
2025-11-21 14:50:10 - analyzer - DEBUG - 从班级名称 '三年级101班' 中提取到年级: 3
2025-11-21 14:50:10 - analyzer - DEBUG - 从班级名称 '三年级102班' 中提取到年级: 3
2025-11-21 14:50:10 - analyzer - DEBUG - 从班级名称 '三年级103班' 中提取到年级: 3
2025-11-21 14:50:11 - analyzer - DEBUG - 从班级名称 '三年级104班' 中提取到年级: 3
2025-11-21 14:50:11 - analyzer - DEBUG - 从班级名称 '三年级105班' 中提取到年级: 3
2025-11-21 14:50:11 - analyzer - DEBUG - 从班级名称 '三年级106班' 中提取到年级: 3
2025-11-21 14:50:11 - analyzer - DEBUG - 从班级名称 '三年级107班' 中提取到年级: 3
2025-11-21 14:50:11 - analyzer - DEBUG - 从班级名称 '三年级108班' 中提取到年级: 3
2025-11-21 14:50:11 - analyzer - DEBUG - 从班级名称 '三年级109班' 中提取到年级: 3
2025-11-21 14:50:12 - analyzer - DEBUG - 从班级名称 '三年级10班' 中提取到年级: 3
2025-11-21 14:50:12 - analyzer - DEBUG - 从班级名称 '三年级110班' 中提取到年级: 3
2025-11-21 14:50:12 - analyzer - DEBUG - 从班级名称 '三年级111班' 中提取到年级: 3
2025-11-21 14:50:12 - analyzer - DEBUG - 从班级名称 '三年级112班' 中提取到年级: 3
2025-11-21 14:50:12 - analyzer - DEBUG - 从班级名称 '三年级113班' 中提取到年级: 3
2025-11-21 14:50:12 - analyzer - DEBUG - 从班级名称 '三年级114班' 中提取到年级: 3
2025-11-21 14:50:13 - analyzer - DEBUG - 从班级名称 '三年级115班' 中提取到年级: 3
2025-11-21 14:50:13 - analyzer - DEBUG - 从班级名称 '三年级116班' 中提取到年级: 3
2025-11-21 14:50:13 - analyzer - DEBUG - 从班级名称 '三年级117班' 中提取到年级: 3
2025-11-21 14:50:13 - analyzer - DEBUG - 从班级名称 '三年级118班' 中提取到年级: 3
2025-11-21 14:50:13 - analyzer - DEBUG - 从班级名称 '三年级119班' 中提取到年级: 3
2025-11-21 14:50:13 - analyzer - DEBUG - 从班级名称 '三年级11班' 中提取到年级: 3
2025-11-21 14:50:14 - analyzer - DEBUG - 从班级名称 '三年级120班' 中提取到年级: 3
2025-11-21 14:50:14 - analyzer - DEBUG - 从班级名称 '三年级121班' 中提取到年级: 3
2025-11-21 14:50:14 - analyzer - DEBUG - 从班级名称 '三年级122班' 中提取到年级: 3
2025-11-21 14:50:14 - analyzer - DEBUG - 从班级名称 '三年级123班' 中提取到年级: 3
2025-11-21 14:50:14 - analyzer - DEBUG - 从班级名称 '三年级124班' 中提取到年级: 3
2025-11-21 14:50:15 - analyzer - DEBUG - 从班级名称 '三年级125班' 中提取到年级: 3
2025-11-21 14:50:15 - analyzer - DEBUG - 从班级名称 '三年级126班' 中提取到年级: 3
2025-11-21 14:50:15 - analyzer - DEBUG - 从班级名称 '三年级127班' 中提取到年级: 3
2025-11-21 14:50:15 - analyzer - DEBUG - 从班级名称 '三年级128班' 中提取到年级: 3
2025-11-21 14:50:15 - analyzer - DEBUG - 从班级名称 '三年级129班' 中提取到年级: 3
2025-11-21 14:50:16 - analyzer - DEBUG - 从班级名称 '三年级12班' 中提取到年级: 3
2025-11-21 14:50:16 - analyzer - DEBUG - 从班级名称 '三年级130班' 中提取到年级: 3
2025-11-21 14:50:16 - analyzer - DEBUG - 从班级名称 '三年级131班' 中提取到年级: 3
2025-11-21 14:50:16 - analyzer - DEBUG - 从班级名称 '三年级132班' 中提取到年级: 3
2025-11-21 14:50:16 - analyzer - DEBUG - 从班级名称 '三年级133班' 中提取到年级: 3
2025-11-21 14:50:16 - analyzer - DEBUG - 从班级名称 '三年级134班' 中提取到年级: 3
2025-11-21 14:50:17 - analyzer - DEBUG - 从班级名称 '三年级135班' 中提取到年级: 3
2025-11-21 14:50:17 - analyzer - DEBUG - 从班级名称 '三年级136班' 中提取到年级: 3
2025-11-21 14:50:17 - analyzer - DEBUG - 从班级名称 '三年级137班' 中提取到年级: 3
2025-11-21 14:50:17 - analyzer - DEBUG - 从班级名称 '三年级138班' 中提取到年级: 3
2025-11-21 14:50:17 - analyzer - DEBUG - 从班级名称 '三年级139班' 中提取到年级: 3
2025-11-21 14:50:18 - analyzer - DEBUG - 从班级名称 '三年级13班' 中提取到年级: 3
2025-11-21 14:50:18 - analyzer - DEBUG - 从班级名称 '三年级140班' 中提取到年级: 3
2025-11-21 14:50:18 - analyzer - DEBUG - 从班级名称 '三年级141班' 中提取到年级: 3
2025-11-21 14:50:18 - analyzer - DEBUG - 从班级名称 '三年级142班' 中提取到年级: 3
2025-11-21 14:50:18 - analyzer - DEBUG - 从班级名称 '三年级143班' 中提取到年级: 3
2025-11-21 14:50:19 - analyzer - DEBUG - 从班级名称 '三年级144班' 中提取到年级: 3
2025-11-21 14:50:19 - analyzer - DEBUG - 从班级名称 '三年级145班' 中提取到年级: 3
2025-11-21 14:50:19 - analyzer - DEBUG - 从班级名称 '三年级146班' 中提取到年级: 3
2025-11-21 14:50:19 - analyzer - DEBUG - 从班级名称 '三年级14班' 中提取到年级: 3
2025-11-21 14:50:19 - analyzer - DEBUG - 从班级名称 '三年级15班' 中提取到年级: 3
2025-11-21 14:50:19 - analyzer - DEBUG - 从班级名称 '三年级16班' 中提取到年级: 3
2025-11-21 14:50:20 - analyzer - DEBUG - 从班级名称 '三年级17班' 中提取到年级: 3
2025-11-21 14:50:20 - analyzer - DEBUG - 从班级名称 '三年级18班' 中提取到年级: 3
2025-11-21 14:50:20 - analyzer - DEBUG - 从班级名称 '三年级19班' 中提取到年级: 3
2025-11-21 14:50:20 - analyzer - DEBUG - 从班级名称 '三年级1班' 中提取到年级: 3
2025-11-21 14:50:21 - analyzer - DEBUG - 从班级名称 '三年级20班' 中提取到年级: 3
2025-11-21 14:50:21 - analyzer - DEBUG - 从班级名称 '三年级21班' 中提取到年级: 3
2025-11-21 14:50:21 - analyzer - DEBUG - 从班级名称 '三年级22班' 中提取到年级: 3
2025-11-21 14:50:21 - analyzer - DEBUG - 从班级名称 '三年级23班' 中提取到年级: 3
2025-11-21 14:50:21 - analyzer - DEBUG - 从班级名称 '三年级24班' 中提取到年级: 3
2025-11-21 14:50:22 - analyzer - DEBUG - 从班级名称 '三年级25班' 中提取到年级: 3
2025-11-21 14:50:22 - analyzer - DEBUG - 从班级名称 '三年级26班' 中提取到年级: 3
2025-11-21 14:50:22 - analyzer - DEBUG - 从班级名称 '三年级27班' 中提取到年级: 3
2025-11-21 14:50:22 - analyzer - DEBUG - 从班级名称 '三年级28班' 中提取到年级: 3
2025-11-21 14:50:22 - analyzer - DEBUG - 从班级名称 '三年级29班' 中提取到年级: 3
2025-11-21 14:50:22 - analyzer - DEBUG - 从班级名称 '三年级2班' 中提取到年级: 3
2025-11-21 14:50:23 - analyzer - DEBUG - 从班级名称 '三年级30班' 中提取到年级: 3
2025-11-21 14:50:23 - analyzer - DEBUG - 从班级名称 '三年级31班' 中提取到年级: 3
2025-11-21 14:50:23 - analyzer - DEBUG - 从班级名称 '三年级32班' 中提取到年级: 3
2025-11-21 14:50:23 - analyzer - DEBUG - 从班级名称 '三年级33班' 中提取到年级: 3
2025-11-21 14:50:24 - analyzer - DEBUG - 从班级名称 '三年级34班' 中提取到年级: 3
2025-11-21 14:50:24 - analyzer - DEBUG - 从班级名称 '三年级35班' 中提取到年级: 3
2025-11-21 14:50:24 - analyzer - DEBUG - 从班级名称 '三年级36班' 中提取到年级: 3
2025-11-21 14:50:24 - analyzer - DEBUG - 从班级名称 '三年级37班' 中提取到年级: 3
2025-11-21 14:50:24 - analyzer - DEBUG - 从班级名称 '三年级38班' 中提取到年级: 3
2025-11-21 14:50:25 - analyzer - DEBUG - 从班级名称 '三年级39班' 中提取到年级: 3
2025-11-21 14:50:25 - analyzer - DEBUG - 从班级名称 '三年级3班' 中提取到年级: 3
2025-11-21 14:50:25 - analyzer - DEBUG - 从班级名称 '三年级40班' 中提取到年级: 3
2025-11-21 14:50:25 - analyzer - DEBUG - 从班级名称 '三年级41班' 中提取到年级: 3
2025-11-21 14:50:26 - analyzer - DEBUG - 从班级名称 '三年级42班' 中提取到年级: 3
2025-11-21 14:50:26 - analyzer - DEBUG - 从班级名称 '三年级43班' 中提取到年级: 3
2025-11-21 14:50:26 - analyzer - DEBUG - 从班级名称 '三年级44班' 中提取到年级: 3
2025-11-21 14:50:26 - analyzer - DEBUG - 从班级名称 '三年级45班' 中提取到年级: 3
2025-11-21 14:50:26 - analyzer - DEBUG - 从班级名称 '三年级46班' 中提取到年级: 3
2025-11-21 14:50:27 - analyzer - DEBUG - 从班级名称 '三年级47班' 中提取到年级: 3
2025-11-21 14:50:27 - analyzer - DEBUG - 从班级名称 '三年级48班' 中提取到年级: 3
2025-11-21 14:50:27 - analyzer - DEBUG - 从班级名称 '三年级49班' 中提取到年级: 3
2025-11-21 14:50:27 - analyzer - DEBUG - 从班级名称 '三年级4班' 中提取到年级: 3
2025-11-21 14:50:28 - analyzer - DEBUG - 从班级名称 '三年级50班' 中提取到年级: 3
2025-11-21 14:50:28 - analyzer - DEBUG - 从班级名称 '三年级51班' 中提取到年级: 3
2025-11-21 14:50:28 - analyzer - DEBUG - 从班级名称 '三年级52班' 中提取到年级: 3
2025-11-21 14:50:28 - analyzer - DEBUG - 从班级名称 '三年级53班' 中提取到年级: 3
2025-11-21 14:50:29 - analyzer - DEBUG - 从班级名称 '三年级54班' 中提取到年级: 3
2025-11-21 14:50:29 - analyzer - DEBUG - 从班级名称 '三年级55班' 中提取到年级: 3
2025-11-21 14:50:29 - analyzer - DEBUG - 从班级名称 '三年级56班' 中提取到年级: 3
2025-11-21 14:50:29 - analyzer - DEBUG - 从班级名称 '三年级57班' 中提取到年级: 3
2025-11-21 14:50:30 - analyzer - DEBUG - 从班级名称 '三年级58班' 中提取到年级: 3
2025-11-21 14:50:30 - analyzer - DEBUG - 从班级名称 '三年级59班' 中提取到年级: 3
2025-11-21 14:50:30 - analyzer - DEBUG - 从班级名称 '三年级5班' 中提取到年级: 3
2025-11-21 14:50:30 - analyzer - DEBUG - 从班级名称 '三年级60班' 中提取到年级: 3
2025-11-21 14:50:30 - analyzer - DEBUG - 从班级名称 '三年级61班' 中提取到年级: 3
2025-11-21 14:50:31 - analyzer - DEBUG - 从班级名称 '三年级62班' 中提取到年级: 3
2025-11-21 14:50:31 - analyzer - DEBUG - 从班级名称 '三年级63班' 中提取到年级: 3
2025-11-21 14:50:31 - analyzer - DEBUG - 从班级名称 '三年级64班' 中提取到年级: 3
2025-11-21 14:50:31 - analyzer - DEBUG - 从班级名称 '三年级65班' 中提取到年级: 3
2025-11-21 14:50:32 - analyzer - DEBUG - 从班级名称 '三年级66班' 中提取到年级: 3
2025-11-21 14:50:32 - analyzer - DEBUG - 从班级名称 '三年级67班' 中提取到年级: 3
2025-11-21 14:50:32 - analyzer - DEBUG - 从班级名称 '三年级68班' 中提取到年级: 3
2025-11-21 14:50:32 - analyzer - DEBUG - 从班级名称 '三年级69班' 中提取到年级: 3
2025-11-21 14:50:33 - analyzer - DEBUG - 从班级名称 '三年级6班' 中提取到年级: 3
2025-11-21 14:50:33 - analyzer - DEBUG - 从班级名称 '三年级70班' 中提取到年级: 3
2025-11-21 14:50:33 - analyzer - DEBUG - 从班级名称 '三年级71班' 中提取到年级: 3
2025-11-21 14:50:33 - analyzer - DEBUG - 从班级名称 '三年级72班' 中提取到年级: 3
2025-11-21 14:50:34 - analyzer - DEBUG - 从班级名称 '三年级73班' 中提取到年级: 3
2025-11-21 14:50:34 - analyzer - DEBUG - 从班级名称 '三年级74班' 中提取到年级: 3
2025-11-21 14:50:34 - analyzer - DEBUG - 从班级名称 '三年级75班' 中提取到年级: 3
2025-11-21 14:50:34 - analyzer - DEBUG - 从班级名称 '三年级76班' 中提取到年级: 3
2025-11-21 14:50:35 - analyzer - DEBUG - 从班级名称 '三年级77班' 中提取到年级: 3
2025-11-21 14:50:35 - analyzer - DEBUG - 从班级名称 '三年级78班' 中提取到年级: 3
2025-11-21 14:50:35 - analyzer - DEBUG - 从班级名称 '三年级79班' 中提取到年级: 3
2025-11-21 14:50:35 - analyzer - DEBUG - 从班级名称 '三年级7班' 中提取到年级: 3
2025-11-21 14:50:36 - analyzer - DEBUG - 从班级名称 '三年级80班' 中提取到年级: 3
2025-11-21 14:50:36 - analyzer - DEBUG - 从班级名称 '三年级81班' 中提取到年级: 3
2025-11-21 14:50:36 - analyzer - DEBUG - 从班级名称 '三年级82班' 中提取到年级: 3
2025-11-21 14:50:36 - analyzer - DEBUG - 从班级名称 '三年级83班' 中提取到年级: 3
2025-11-21 14:50:36 - analyzer - DEBUG - 从班级名称 '三年级84班' 中提取到年级: 3
2025-11-21 14:50:37 - analyzer - DEBUG - 从班级名称 '三年级85班' 中提取到年级: 3
2025-11-21 14:50:37 - analyzer - DEBUG - 从班级名称 '三年级86班' 中提取到年级: 3
2025-11-21 14:50:37 - analyzer - DEBUG - 从班级名称 '三年级87班' 中提取到年级: 3
2025-11-21 14:50:37 - analyzer - DEBUG - 从班级名称 '三年级88班' 中提取到年级: 3
2025-11-21 14:50:38 - analyzer - DEBUG - 从班级名称 '三年级89班' 中提取到年级: 3
2025-11-21 14:50:38 - analyzer - DEBUG - 从班级名称 '三年级8班' 中提取到年级: 3
2025-11-21 14:50:38 - analyzer - DEBUG - 从班级名称 '三年级90班' 中提取到年级: 3
2025-11-21 14:50:38 - analyzer - DEBUG - 从班级名称 '三年级91班' 中提取到年级: 3
2025-11-21 14:50:39 - analyzer - DEBUG - 从班级名称 '三年级92班' 中提取到年级: 3
2025-11-21 14:50:39 - analyzer - DEBUG - 从班级名称 '三年级93班' 中提取到年级: 3
2025-11-21 14:50:39 - analyzer - DEBUG - 从班级名称 '三年级94班' 中提取到年级: 3
2025-11-21 14:50:39 - analyzer - DEBUG - 从班级名称 '三年级95班' 中提取到年级: 3
2025-11-21 14:50:40 - analyzer - DEBUG - 从班级名称 '三年级96班' 中提取到年级: 3
2025-11-21 14:50:40 - analyzer - DEBUG - 从班级名称 '三年级97班' 中提取到年级: 3
2025-11-21 14:50:40 - analyzer - DEBUG - 从班级名称 '三年级98班' 中提取到年级: 3
2025-11-21 14:50:40 - analyzer - DEBUG - 从班级名称 '三年级99班' 中提取到年级: 3
2025-11-21 14:50:41 - analyzer - DEBUG - 从班级名称 '三年级9班' 中提取到年级: 3
2025-11-21 18:44:10 - analyzer - DEBUG - 从班级名称 '一年级114班' 中提取到年级: 1
2025-11-21 18:44:46 - analyzer - DEBUG - 从班级名称 '六年级5班' 中提取到年级: 6
2025-11-21 18:48:38 - analyzer - DEBUG - 从班级名称 '三年级23班' 中提取到年级: 3
2025-11-23 23:33:23 - analyzer - DEBUG - 从班级名称 '五年级1班' 中提取到年级: 5
2025-11-23 23:35:26 - analyzer - DEBUG - 从班级名称 '五年级1班' 中提取到年级: 5
2025-11-24 09:32:56 - analyzer - DEBUG - 从班级名称 '四年级4班' 中提取到年级: 4
2025-11-24 11:23:41 - analyzer - DEBUG - 从班级名称 '一年级10班' 中提取到年级: 1
2025-11-24 11:23:41 - analyzer - DEBUG - 从班级名称 '一年级11班' 中提取到年级: 1
2025-11-24 11:23:41 - analyzer - DEBUG - 从班级名称 '一年级12班' 中提取到年级: 1
2025-11-24 11:23:41 - analyzer - DEBUG - 从班级名称 '一年级13班' 中提取到年级: 1
2025-11-24 11:23:41 - analyzer - DEBUG - 从班级名称 '一年级14班' 中提取到年级: 1
2025-11-24 11:23:41 - analyzer - DEBUG - 从班级名称 '一年级15班' 中提取到年级: 1
2025-11-24 11:23:41 - analyzer - DEBUG - 从班级名称 '一年级16班' 中提取到年级: 1
2025-11-24 11:23:41 - analyzer - DEBUG - 从班级名称 '一年级17班' 中提取到年级: 1
2025-11-24 11:23:41 - analyzer - DEBUG - 从班级名称 '一年级18班' 中提取到年级: 1
2025-11-24 11:23:41 - analyzer - DEBUG - 从班级名称 '一年级19班' 中提取到年级: 1
2025-11-24 11:23:41 - analyzer - DEBUG - 从班级名称 '一年级1班' 中提取到年级: 1
2025-11-24 11:23:41 - analyzer - DEBUG - 从班级名称 '一年级20班' 中提取到年级: 1
2025-11-24 11:23:41 - analyzer - DEBUG - 从班级名称 '一年级21班' 中提取到年级: 1
2025-11-24 11:23:41 - analyzer - DEBUG - 从班级名称 '一年级22班' 中提取到年级: 1
2025-11-24 11:23:42 - analyzer - DEBUG - 从班级名称 '一年级23班' 中提取到年级: 1
2025-11-24 11:23:42 - analyzer - DEBUG - 从班级名称 '一年级24班' 中提取到年级: 1
2025-11-24 11:23:42 - analyzer - DEBUG - 从班级名称 '一年级25班' 中提取到年级: 1
2025-11-24 11:23:42 - analyzer - DEBUG - 从班级名称 '一年级26班' 中提取到年级: 1
2025-11-24 11:23:42 - analyzer - DEBUG - 从班级名称 '一年级27班' 中提取到年级: 1
2025-11-24 11:23:42 - analyzer - DEBUG - 从班级名称 '一年级28班' 中提取到年级: 1
2025-11-24 11:23:42 - analyzer - DEBUG - 从班级名称 '一年级29班' 中提取到年级: 1
2025-11-24 11:23:42 - analyzer - DEBUG - 从班级名称 '一年级2班' 中提取到年级: 1
2025-11-24 11:23:42 - analyzer - DEBUG - 从班级名称 '一年级30班' 中提取到年级: 1
2025-11-24 11:23:42 - analyzer - DEBUG - 从班级名称 '一年级31班' 中提取到年级: 1
2025-11-24 11:23:42 - analyzer - DEBUG - 从班级名称 '一年级32班' 中提取到年级: 1
2025-11-24 11:23:42 - analyzer - DEBUG - 从班级名称 '一年级33班' 中提取到年级: 1
2025-11-24 11:23:42 - analyzer - DEBUG - 从班级名称 '一年级34班' 中提取到年级: 1
2025-11-24 11:23:42 - analyzer - DEBUG - 从班级名称 '一年级35班' 中提取到年级: 1
2025-11-24 11:23:43 - analyzer - DEBUG - 从班级名称 '一年级36班' 中提取到年级: 1
2025-11-24 11:23:43 - analyzer - DEBUG - 从班级名称 '一年级37班' 中提取到年级: 1
2025-11-24 11:23:43 - analyzer - DEBUG - 从班级名称 '一年级38班' 中提取到年级: 1
2025-11-24 11:23:43 - analyzer - DEBUG - 从班级名称 '一年级39班' 中提取到年级: 1
2025-11-24 11:23:43 - analyzer - DEBUG - 从班级名称 '一年级3班' 中提取到年级: 1
2025-11-24 11:23:43 - analyzer - DEBUG - 从班级名称 '一年级40班' 中提取到年级: 1
2025-11-24 11:23:43 - analyzer - DEBUG - 从班级名称 '一年级41班' 中提取到年级: 1
2025-11-24 11:23:43 - analyzer - DEBUG - 从班级名称 '一年级42班' 中提取到年级: 1
2025-11-24 11:23:43 - analyzer - DEBUG - 从班级名称 '一年级43班' 中提取到年级: 1
2025-11-24 11:23:43 - analyzer - DEBUG - 从班级名称 '一年级44班' 中提取到年级: 1
2025-11-24 11:23:43 - analyzer - DEBUG - 从班级名称 '一年级45班' 中提取到年级: 1
2025-11-24 11:23:43 - analyzer - DEBUG - 从班级名称 '一年级46班' 中提取到年级: 1
2025-11-24 11:23:43 - analyzer - DEBUG - 从班级名称 '一年级47班' 中提取到年级: 1
2025-11-24 11:23:44 - analyzer - DEBUG - 从班级名称 '一年级48班' 中提取到年级: 1
2025-11-24 11:23:44 - analyzer - DEBUG - 从班级名称 '一年级49班' 中提取到年级: 1
2025-11-24 11:23:44 - analyzer - DEBUG - 从班级名称 '一年级4班' 中提取到年级: 1
2025-11-24 11:23:44 - analyzer - DEBUG - 从班级名称 '一年级5班' 中提取到年级: 1
2025-11-24 11:23:44 - analyzer - DEBUG - 从班级名称 '一年级6班' 中提取到年级: 1
2025-11-24 11:23:44 - analyzer - DEBUG - 从班级名称 '一年级7班' 中提取到年级: 1
2025-11-24 11:23:44 - analyzer - DEBUG - 从班级名称 '一年级8班' 中提取到年级: 1
2025-11-24 11:23:44 - analyzer - DEBUG - 从班级名称 '一年级9班' 中提取到年级: 1
2025-11-24 11:23:44 - analyzer - DEBUG - 从班级名称 '三年级10班' 中提取到年级: 3
2025-11-24 11:23:44 - analyzer - DEBUG - 从班级名称 '三年级11班' 中提取到年级: 3
2025-11-24 11:23:45 - analyzer - DEBUG - 从班级名称 '三年级12班' 中提取到年级: 3
2025-11-24 11:23:45 - analyzer - DEBUG - 从班级名称 '三年级13班' 中提取到年级: 3
2025-11-24 11:23:45 - analyzer - DEBUG - 从班级名称 '三年级14班' 中提取到年级: 3
2025-11-24 11:23:45 - analyzer - DEBUG - 从班级名称 '三年级15班' 中提取到年级: 3
2025-11-24 11:23:45 - analyzer - DEBUG - 从班级名称 '三年级16班' 中提取到年级: 3
2025-11-24 11:23:45 - analyzer - DEBUG - 从班级名称 '三年级17班' 中提取到年级: 3
2025-11-24 11:23:45 - analyzer - DEBUG - 从班级名称 '三年级18班' 中提取到年级: 3
2025-11-24 11:23:45 - analyzer - DEBUG - 从班级名称 '三年级19班' 中提取到年级: 3
2025-11-24 11:23:45 - analyzer - DEBUG - 从班级名称 '三年级1班' 中提取到年级: 3
2025-11-24 11:23:45 - analyzer - DEBUG - 从班级名称 '三年级20班' 中提取到年级: 3
2025-11-24 11:23:45 - analyzer - DEBUG - 从班级名称 '三年级21班' 中提取到年级: 3
2025-11-24 11:23:46 - analyzer - DEBUG - 从班级名称 '三年级22班' 中提取到年级: 3
2025-11-24 11:23:46 - analyzer - DEBUG - 从班级名称 '三年级23班' 中提取到年级: 3
2025-11-24 11:23:46 - analyzer - DEBUG - 从班级名称 '三年级24班' 中提取到年级: 3
2025-11-24 11:23:46 - analyzer - DEBUG - 从班级名称 '三年级25班' 中提取到年级: 3
2025-11-24 11:23:46 - analyzer - DEBUG - 从班级名称 '三年级26班' 中提取到年级: 3
2025-11-24 11:23:46 - analyzer - DEBUG - 从班级名称 '三年级27班' 中提取到年级: 3
2025-11-24 11:23:46 - analyzer - DEBUG - 从班级名称 '三年级28班' 中提取到年级: 3
2025-11-24 11:23:46 - analyzer - DEBUG - 从班级名称 '三年级29班' 中提取到年级: 3
2025-11-24 11:23:46 - analyzer - DEBUG - 从班级名称 '三年级2班' 中提取到年级: 3
2025-11-24 11:23:47 - analyzer - DEBUG - 从班级名称 '三年级30班' 中提取到年级: 3
2025-11-24 11:23:47 - analyzer - DEBUG - 从班级名称 '三年级31班' 中提取到年级: 3
2025-11-24 11:23:47 - analyzer - DEBUG - 从班级名称 '三年级32班' 中提取到年级: 3
2025-11-24 11:23:47 - analyzer - DEBUG - 从班级名称 '三年级33班' 中提取到年级: 3
2025-11-24 11:23:47 - analyzer - DEBUG - 从班级名称 '三年级34班' 中提取到年级: 3
2025-11-24 11:23:47 - analyzer - DEBUG - 从班级名称 '三年级35班' 中提取到年级: 3
2025-11-24 11:23:47 - analyzer - DEBUG - 从班级名称 '三年级36班' 中提取到年级: 3
2025-11-24 11:23:47 - analyzer - DEBUG - 从班级名称 '三年级37班' 中提取到年级: 3
2025-11-24 11:23:47 - analyzer - DEBUG - 从班级名称 '三年级38班' 中提取到年级: 3
2025-11-24 11:23:48 - analyzer - DEBUG - 从班级名称 '三年级39班' 中提取到年级: 3
2025-11-24 11:23:48 - analyzer - DEBUG - 从班级名称 '三年级3班' 中提取到年级: 3
2025-11-24 11:23:48 - analyzer - DEBUG - 从班级名称 '三年级40班' 中提取到年级: 3
2025-11-24 11:23:48 - analyzer - DEBUG - 从班级名称 '三年级41班' 中提取到年级: 3
2025-11-24 11:23:48 - analyzer - DEBUG - 从班级名称 '三年级42班' 中提取到年级: 3
2025-11-24 11:23:48 - analyzer - DEBUG - 从班级名称 '三年级43班' 中提取到年级: 3
2025-11-24 11:23:48 - analyzer - DEBUG - 从班级名称 '三年级44班' 中提取到年级: 3
2025-11-24 11:23:48 - analyzer - DEBUG - 从班级名称 '三年级45班' 中提取到年级: 3
2025-11-24 11:23:48 - analyzer - DEBUG - 从班级名称 '三年级46班' 中提取到年级: 3
2025-11-24 11:23:49 - analyzer - DEBUG - 从班级名称 '三年级47班' 中提取到年级: 3
2025-11-24 11:23:49 - analyzer - DEBUG - 从班级名称 '三年级48班' 中提取到年级: 3
2025-11-24 11:23:49 - analyzer - DEBUG - 从班级名称 '三年级49班' 中提取到年级: 3
2025-11-24 11:23:49 - analyzer - DEBUG - 从班级名称 '三年级4班' 中提取到年级: 3
2025-11-24 11:23:49 - analyzer - DEBUG - 从班级名称 '三年级50班' 中提取到年级: 3
2025-11-24 11:23:49 - analyzer - DEBUG - 从班级名称 '三年级5班' 中提取到年级: 3
2025-11-24 11:23:49 - analyzer - DEBUG - 从班级名称 '三年级6班' 中提取到年级: 3
2025-11-24 11:23:49 - analyzer - DEBUG - 从班级名称 '三年级7班' 中提取到年级: 3
2025-11-24 11:23:50 - analyzer - DEBUG - 从班级名称 '三年级8班' 中提取到年级: 3
2025-11-24 11:23:50 - analyzer - DEBUG - 从班级名称 '三年级9班' 中提取到年级: 3
2025-11-24 11:23:50 - analyzer - DEBUG - 从班级名称 '二年级10班' 中提取到年级: 2
2025-11-24 11:23:50 - analyzer - DEBUG - 从班级名称 '二年级11班' 中提取到年级: 2
2025-11-24 11:23:50 - analyzer - DEBUG - 从班级名称 '二年级12班' 中提取到年级: 2
2025-11-24 11:23:50 - analyzer - DEBUG - 从班级名称 '二年级13班' 中提取到年级: 2
2025-11-24 11:23:50 - analyzer - DEBUG - 从班级名称 '二年级14班' 中提取到年级: 2
2025-11-24 11:23:51 - analyzer - DEBUG - 从班级名称 '二年级15班' 中提取到年级: 2
2025-11-24 11:23:51 - analyzer - DEBUG - 从班级名称 '二年级16班' 中提取到年级: 2
2025-11-24 11:23:51 - analyzer - DEBUG - 从班级名称 '二年级17班' 中提取到年级: 2
2025-11-24 11:23:51 - analyzer - DEBUG - 从班级名称 '二年级18班' 中提取到年级: 2
2025-11-24 11:23:51 - analyzer - DEBUG - 从班级名称 '二年级19班' 中提取到年级: 2
2025-11-24 11:23:51 - analyzer - DEBUG - 从班级名称 '二年级1班' 中提取到年级: 2
2025-11-24 11:23:51 - analyzer - DEBUG - 从班级名称 '二年级20班' 中提取到年级: 2
2025-11-24 11:23:51 - analyzer - DEBUG - 从班级名称 '二年级21班' 中提取到年级: 2
2025-11-24 11:23:52 - analyzer - DEBUG - 从班级名称 '二年级22班' 中提取到年级: 2
2025-11-24 11:23:52 - analyzer - DEBUG - 从班级名称 '二年级23班' 中提取到年级: 2
2025-11-24 11:23:52 - analyzer - DEBUG - 从班级名称 '二年级24班' 中提取到年级: 2
2025-11-24 11:23:52 - analyzer - DEBUG - 从班级名称 '二年级25班' 中提取到年级: 2
2025-11-24 11:23:52 - analyzer - DEBUG - 从班级名称 '二年级26班' 中提取到年级: 2
2025-11-24 11:23:52 - analyzer - DEBUG - 从班级名称 '二年级27班' 中提取到年级: 2
2025-11-24 11:23:52 - analyzer - DEBUG - 从班级名称 '二年级28班' 中提取到年级: 2
2025-11-24 11:23:53 - analyzer - DEBUG - 从班级名称 '二年级29班' 中提取到年级: 2
2025-11-24 11:23:53 - analyzer - DEBUG - 从班级名称 '二年级2班' 中提取到年级: 2
2025-11-24 11:23:53 - analyzer - DEBUG - 从班级名称 '二年级30班' 中提取到年级: 2
2025-11-24 11:23:53 - analyzer - DEBUG - 从班级名称 '二年级31班' 中提取到年级: 2
2025-11-24 11:23:53 - analyzer - DEBUG - 从班级名称 '二年级32班' 中提取到年级: 2
2025-11-24 11:23:53 - analyzer - DEBUG - 从班级名称 '二年级33班' 中提取到年级: 2
2025-11-24 11:23:53 - analyzer - DEBUG - 从班级名称 '二年级34班' 中提取到年级: 2
2025-11-24 11:23:54 - analyzer - DEBUG - 从班级名称 '二年级35班' 中提取到年级: 2
2025-11-24 11:23:54 - analyzer - DEBUG - 从班级名称 '二年级36班' 中提取到年级: 2
2025-11-24 11:23:54 - analyzer - DEBUG - 从班级名称 '二年级37班' 中提取到年级: 2
2025-11-24 11:23:54 - analyzer - DEBUG - 从班级名称 '二年级38班' 中提取到年级: 2
2025-11-24 11:23:54 - analyzer - DEBUG - 从班级名称 '二年级39班' 中提取到年级: 2
2025-11-24 11:23:54 - analyzer - DEBUG - 从班级名称 '二年级3班' 中提取到年级: 2
2025-11-24 11:23:55 - analyzer - DEBUG - 从班级名称 '二年级40班' 中提取到年级: 2
2025-11-24 11:23:55 - analyzer - DEBUG - 从班级名称 '二年级41班' 中提取到年级: 2
2025-11-24 11:23:55 - analyzer - DEBUG - 从班级名称 '二年级42班' 中提取到年级: 2
2025-11-24 11:23:55 - analyzer - DEBUG - 从班级名称 '二年级43班' 中提取到年级: 2
2025-11-24 11:23:55 - analyzer - DEBUG - 从班级名称 '二年级44班' 中提取到年级: 2
2025-11-24 11:23:55 - analyzer - DEBUG - 从班级名称 '二年级45班' 中提取到年级: 2
2025-11-24 11:23:55 - analyzer - DEBUG - 从班级名称 '二年级46班' 中提取到年级: 2
2025-11-24 11:23:56 - analyzer - DEBUG - 从班级名称 '二年级47班' 中提取到年级: 2
2025-11-24 11:23:56 - analyzer - DEBUG - 从班级名称 '二年级48班' 中提取到年级: 2
2025-11-24 11:23:56 - analyzer - DEBUG - 从班级名称 '二年级49班' 中提取到年级: 2
2025-11-24 11:23:56 - analyzer - DEBUG - 从班级名称 '二年级4班' 中提取到年级: 2
2025-11-24 11:23:56 - analyzer - DEBUG - 从班级名称 '二年级5班' 中提取到年级: 2
2025-11-24 11:23:56 - analyzer - DEBUG - 从班级名称 '二年级6班' 中提取到年级: 2
2025-11-24 11:23:56 - analyzer - DEBUG - 从班级名称 '二年级7班' 中提取到年级: 2
2025-11-24 11:23:57 - analyzer - DEBUG - 从班级名称 '二年级8班' 中提取到年级: 2
2025-11-24 11:23:57 - analyzer - DEBUG - 从班级名称 '二年级9班' 中提取到年级: 2
2025-11-24 11:23:57 - analyzer - DEBUG - 从班级名称 '五年级10班' 中提取到年级: 5
2025-11-24 11:23:57 - analyzer - DEBUG - 从班级名称 '五年级11班' 中提取到年级: 5
2025-11-24 11:23:57 - analyzer - DEBUG - 从班级名称 '五年级12班' 中提取到年级: 5
2025-11-24 11:23:58 - analyzer - DEBUG - 从班级名称 '五年级13班' 中提取到年级: 5
2025-11-24 11:23:58 - analyzer - DEBUG - 从班级名称 '五年级14班' 中提取到年级: 5
2025-11-24 11:23:58 - analyzer - DEBUG - 从班级名称 '五年级15班' 中提取到年级: 5
2025-11-24 11:23:58 - analyzer - DEBUG - 从班级名称 '五年级16班' 中提取到年级: 5
2025-11-24 11:23:58 - analyzer - DEBUG - 从班级名称 '五年级17班' 中提取到年级: 5
2025-11-24 11:23:58 - analyzer - DEBUG - 从班级名称 '五年级18班' 中提取到年级: 5
2025-11-24 11:23:58 - analyzer - DEBUG - 从班级名称 '五年级19班' 中提取到年级: 5
2025-11-24 11:23:59 - analyzer - DEBUG - 从班级名称 '五年级1班' 中提取到年级: 5
2025-11-24 11:23:59 - analyzer - DEBUG - 从班级名称 '五年级20班' 中提取到年级: 5
2025-11-24 11:23:59 - analyzer - DEBUG - 从班级名称 '五年级21班' 中提取到年级: 5
2025-11-24 11:23:59 - analyzer - DEBUG - 从班级名称 '五年级22班' 中提取到年级: 5
2025-11-24 11:23:59 - analyzer - DEBUG - 从班级名称 '五年级23班' 中提取到年级: 5
2025-11-24 11:24:00 - analyzer - DEBUG - 从班级名称 '五年级24班' 中提取到年级: 5
2025-11-24 11:24:00 - analyzer - DEBUG - 从班级名称 '五年级25班' 中提取到年级: 5
2025-11-24 11:24:00 - analyzer - DEBUG - 从班级名称 '五年级26班' 中提取到年级: 5
2025-11-24 11:24:00 - analyzer - DEBUG - 从班级名称 '五年级27班' 中提取到年级: 5
2025-11-24 11:24:00 - analyzer - DEBUG - 从班级名称 '五年级28班' 中提取到年级: 5
2025-11-24 11:24:00 - analyzer - DEBUG - 从班级名称 '五年级29班' 中提取到年级: 5
2025-11-24 11:24:01 - analyzer - DEBUG - 从班级名称 '五年级2班' 中提取到年级: 5
2025-11-24 11:24:01 - analyzer - DEBUG - 从班级名称 '五年级30班' 中提取到年级: 5
2025-11-24 11:24:01 - analyzer - DEBUG - 从班级名称 '五年级31班' 中提取到年级: 5
2025-11-24 11:24:01 - analyzer - DEBUG - 从班级名称 '五年级32班' 中提取到年级: 5
2025-11-24 11:24:01 - analyzer - DEBUG - 从班级名称 '五年级33班' 中提取到年级: 5
2025-11-24 11:24:02 - analyzer - DEBUG - 从班级名称 '五年级34班' 中提取到年级: 5
2025-11-24 11:24:02 - analyzer - DEBUG - 从班级名称 '五年级35班' 中提取到年级: 5
2025-11-24 11:24:02 - analyzer - DEBUG - 从班级名称 '五年级36班' 中提取到年级: 5
2025-11-24 11:24:02 - analyzer - DEBUG - 从班级名称 '五年级37班' 中提取到年级: 5
2025-11-24 11:24:02 - analyzer - DEBUG - 从班级名称 '五年级38班' 中提取到年级: 5
2025-11-24 11:24:02 - analyzer - DEBUG - 从班级名称 '五年级39班' 中提取到年级: 5
2025-11-24 11:24:03 - analyzer - DEBUG - 从班级名称 '五年级3班' 中提取到年级: 5
2025-11-24 11:24:03 - analyzer - DEBUG - 从班级名称 '五年级40班' 中提取到年级: 5
2025-11-24 11:24:03 - analyzer - DEBUG - 从班级名称 '五年级41班' 中提取到年级: 5
2025-11-24 11:24:03 - analyzer - DEBUG - 从班级名称 '五年级42班' 中提取到年级: 5
2025-11-24 11:24:03 - analyzer - DEBUG - 从班级名称 '五年级43班' 中提取到年级: 5
2025-11-24 11:24:04 - analyzer - DEBUG - 从班级名称 '五年级44班' 中提取到年级: 5
2025-11-24 11:24:04 - analyzer - DEBUG - 从班级名称 '五年级45班' 中提取到年级: 5
2025-11-24 11:24:04 - analyzer - DEBUG - 从班级名称 '五年级46班' 中提取到年级: 5
2025-11-24 11:24:04 - analyzer - DEBUG - 从班级名称 '五年级47班' 中提取到年级: 5
2025-11-24 11:24:04 - analyzer - DEBUG - 从班级名称 '五年级48班' 中提取到年级: 5
2025-11-24 11:24:04 - analyzer - DEBUG - 从班级名称 '五年级49班' 中提取到年级: 5
2025-11-24 11:24:05 - analyzer - DEBUG - 从班级名称 '五年级4班' 中提取到年级: 5
2025-11-24 11:24:05 - analyzer - DEBUG - 从班级名称 '五年级5班' 中提取到年级: 5
2025-11-24 11:24:05 - analyzer - DEBUG - 从班级名称 '五年级6班' 中提取到年级: 5
2025-11-24 11:24:05 - analyzer - DEBUG - 从班级名称 '五年级7班' 中提取到年级: 5
2025-11-24 11:24:05 - analyzer - DEBUG - 从班级名称 '五年级8班' 中提取到年级: 5
2025-11-24 11:24:06 - analyzer - DEBUG - 从班级名称 '五年级9班' 中提取到年级: 5
2025-11-24 11:24:06 - analyzer - DEBUG - 从班级名称 '六年级10班' 中提取到年级: 6
2025-11-24 11:24:06 - analyzer - DEBUG - 从班级名称 '六年级11班' 中提取到年级: 6
2025-11-24 11:24:06 - analyzer - DEBUG - 从班级名称 '六年级12班' 中提取到年级: 6
2025-11-24 11:24:06 - analyzer - DEBUG - 从班级名称 '六年级13班' 中提取到年级: 6
2025-11-24 11:24:07 - analyzer - DEBUG - 从班级名称 '六年级14班' 中提取到年级: 6
2025-11-24 11:24:07 - analyzer - DEBUG - 从班级名称 '六年级15班' 中提取到年级: 6
2025-11-24 11:24:07 - analyzer - DEBUG - 从班级名称 '六年级16班' 中提取到年级: 6
2025-11-24 11:24:07 - analyzer - DEBUG - 从班级名称 '六年级17班' 中提取到年级: 6
2025-11-24 11:24:07 - analyzer - DEBUG - 从班级名称 '六年级18班' 中提取到年级: 6
2025-11-24 11:24:08 - analyzer - DEBUG - 从班级名称 '六年级19班' 中提取到年级: 6
2025-11-24 11:24:08 - analyzer - DEBUG - 从班级名称 '六年级1班' 中提取到年级: 6
2025-11-24 11:24:08 - analyzer - DEBUG - 从班级名称 '六年级20班' 中提取到年级: 6
2025-11-24 11:24:08 - analyzer - DEBUG - 从班级名称 '六年级21班' 中提取到年级: 6
2025-11-24 11:24:08 - analyzer - DEBUG - 从班级名称 '六年级22班' 中提取到年级: 6
2025-11-24 11:24:09 - analyzer - DEBUG - 从班级名称 '六年级23班' 中提取到年级: 6
2025-11-24 11:24:09 - analyzer - DEBUG - 从班级名称 '六年级24班' 中提取到年级: 6
2025-11-24 11:24:09 - analyzer - DEBUG - 从班级名称 '六年级25班' 中提取到年级: 6
2025-11-24 11:24:09 - analyzer - DEBUG - 从班级名称 '六年级26班' 中提取到年级: 6
2025-11-24 11:24:09 - analyzer - DEBUG - 从班级名称 '六年级27班' 中提取到年级: 6
2025-11-24 11:24:10 - analyzer - DEBUG - 从班级名称 '六年级28班' 中提取到年级: 6
2025-11-24 11:24:10 - analyzer - DEBUG - 从班级名称 '六年级29班' 中提取到年级: 6
2025-11-24 11:24:10 - analyzer - DEBUG - 从班级名称 '六年级2班' 中提取到年级: 6
2025-11-24 11:24:10 - analyzer - DEBUG - 从班级名称 '六年级30班' 中提取到年级: 6
2025-11-24 11:24:11 - analyzer - DEBUG - 从班级名称 '六年级31班' 中提取到年级: 6
2025-11-24 11:24:11 - analyzer - DEBUG - 从班级名称 '六年级32班' 中提取到年级: 6
2025-11-24 11:24:11 - analyzer - DEBUG - 从班级名称 '六年级33班' 中提取到年级: 6
2025-11-24 11:24:11 - analyzer - DEBUG - 从班级名称 '六年级34班' 中提取到年级: 6
2025-11-24 11:24:11 - analyzer - DEBUG - 从班级名称 '六年级35班' 中提取到年级: 6
2025-11-24 11:24:12 - analyzer - DEBUG - 从班级名称 '六年级36班' 中提取到年级: 6
2025-11-24 11:24:12 - analyzer - DEBUG - 从班级名称 '六年级37班' 中提取到年级: 6
2025-11-24 11:24:12 - analyzer - DEBUG - 从班级名称 '六年级38班' 中提取到年级: 6
2025-11-24 11:24:12 - analyzer - DEBUG - 从班级名称 '六年级39班' 中提取到年级: 6
2025-11-24 11:24:12 - analyzer - DEBUG - 从班级名称 '六年级3班' 中提取到年级: 6
2025-11-24 11:24:13 - analyzer - DEBUG - 从班级名称 '六年级40班' 中提取到年级: 6
2025-11-24 11:24:13 - analyzer - DEBUG - 从班级名称 '六年级41班' 中提取到年级: 6
2025-11-24 11:24:13 - analyzer - DEBUG - 从班级名称 '六年级42班' 中提取到年级: 6
2025-11-24 11:24:13 - analyzer - DEBUG - 从班级名称 '六年级43班' 中提取到年级: 6
2025-11-24 11:24:13 - analyzer - DEBUG - 从班级名称 '六年级44班' 中提取到年级: 6
2025-11-24 11:24:14 - analyzer - DEBUG - 从班级名称 '六年级45班' 中提取到年级: 6
2025-11-24 11:24:14 - analyzer - DEBUG - 从班级名称 '六年级46班' 中提取到年级: 6
2025-11-24 11:24:14 - analyzer - DEBUG - 从班级名称 '六年级47班' 中提取到年级: 6
2025-11-24 11:24:14 - analyzer - DEBUG - 从班级名称 '六年级48班' 中提取到年级: 6
2025-11-24 11:24:15 - analyzer - DEBUG - 从班级名称 '六年级4班' 中提取到年级: 6
2025-11-24 11:24:15 - analyzer - DEBUG - 从班级名称 '六年级5班' 中提取到年级: 6
2025-11-24 11:24:15 - analyzer - DEBUG - 从班级名称 '六年级6班' 中提取到年级: 6
2025-11-24 11:24:15 - analyzer - DEBUG - 从班级名称 '六年级7班' 中提取到年级: 6
2025-11-24 11:24:15 - analyzer - DEBUG - 从班级名称 '六年级8班' 中提取到年级: 6
2025-11-24 11:24:16 - analyzer - DEBUG - 从班级名称 '六年级9班' 中提取到年级: 6
2025-11-24 11:24:16 - analyzer - DEBUG - 从班级名称 '四年级10班' 中提取到年级: 4
2025-11-24 11:24:16 - analyzer - DEBUG - 从班级名称 '四年级11班' 中提取到年级: 4
2025-11-24 11:24:16 - analyzer - DEBUG - 从班级名称 '四年级12班' 中提取到年级: 4
2025-11-24 11:24:17 - analyzer - DEBUG - 从班级名称 '四年级13班' 中提取到年级: 4
2025-11-24 11:24:17 - analyzer - DEBUG - 从班级名称 '四年级14班' 中提取到年级: 4
2025-11-24 11:24:17 - analyzer - DEBUG - 从班级名称 '四年级15班' 中提取到年级: 4
2025-11-24 11:24:17 - analyzer - DEBUG - 从班级名称 '四年级16班' 中提取到年级: 4
2025-11-24 11:24:18 - analyzer - DEBUG - 从班级名称 '四年级17班' 中提取到年级: 4
2025-11-24 11:24:18 - analyzer - DEBUG - 从班级名称 '四年级18班' 中提取到年级: 4
2025-11-24 11:24:18 - analyzer - DEBUG - 从班级名称 '四年级19班' 中提取到年级: 4
2025-11-24 11:24:18 - analyzer - DEBUG - 从班级名称 '四年级1班' 中提取到年级: 4
2025-11-24 11:24:19 - analyzer - DEBUG - 从班级名称 '四年级20班' 中提取到年级: 4
2025-11-24 11:24:19 - analyzer - DEBUG - 从班级名称 '四年级21班' 中提取到年级: 4
2025-11-24 11:24:19 - analyzer - DEBUG - 从班级名称 '四年级22班' 中提取到年级: 4
2025-11-24 11:24:19 - analyzer - DEBUG - 从班级名称 '四年级23班' 中提取到年级: 4
2025-11-24 11:24:19 - analyzer - DEBUG - 从班级名称 '四年级24班' 中提取到年级: 4
2025-11-24 11:24:20 - analyzer - DEBUG - 从班级名称 '四年级25班' 中提取到年级: 4
2025-11-24 11:24:20 - analyzer - DEBUG - 从班级名称 '四年级26班' 中提取到年级: 4
2025-11-24 11:24:20 - analyzer - DEBUG - 从班级名称 '四年级27班' 中提取到年级: 4
2025-11-24 11:24:20 - analyzer - DEBUG - 从班级名称 '四年级28班' 中提取到年级: 4
2025-11-24 11:24:21 - analyzer - DEBUG - 从班级名称 '四年级29班' 中提取到年级: 4
2025-11-24 11:24:21 - analyzer - DEBUG - 从班级名称 '四年级2班' 中提取到年级: 4
2025-11-24 11:24:21 - analyzer - DEBUG - 从班级名称 '四年级30班' 中提取到年级: 4
2025-11-24 11:24:21 - analyzer - DEBUG - 从班级名称 '四年级31班' 中提取到年级: 4
2025-11-24 11:24:22 - analyzer - DEBUG - 从班级名称 '四年级32班' 中提取到年级: 4
2025-11-24 11:24:22 - analyzer - DEBUG - 从班级名称 '四年级33班' 中提取到年级: 4
2025-11-24 11:24:22 - analyzer - DEBUG - 从班级名称 '四年级34班' 中提取到年级: 4
2025-11-24 11:24:22 - analyzer - DEBUG - 从班级名称 '四年级35班' 中提取到年级: 4
2025-11-24 11:24:23 - analyzer - DEBUG - 从班级名称 '四年级36班' 中提取到年级: 4
2025-11-24 11:24:23 - analyzer - DEBUG - 从班级名称 '四年级37班' 中提取到年级: 4
2025-11-24 11:24:23 - analyzer - DEBUG - 从班级名称 '四年级38班' 中提取到年级: 4
2025-11-24 11:24:23 - analyzer - DEBUG - 从班级名称 '四年级39班' 中提取到年级: 4
2025-11-24 11:24:24 - analyzer - DEBUG - 从班级名称 '四年级3班' 中提取到年级: 4
2025-11-24 11:24:24 - analyzer - DEBUG - 从班级名称 '四年级40班' 中提取到年级: 4
2025-11-24 11:24:24 - analyzer - DEBUG - 从班级名称 '四年级41班' 中提取到年级: 4
2025-11-24 11:24:24 - analyzer - DEBUG - 从班级名称 '四年级42班' 中提取到年级: 4
2025-11-24 11:24:25 - analyzer - DEBUG - 从班级名称 '四年级43班' 中提取到年级: 4
2025-11-24 11:24:25 - analyzer - DEBUG - 从班级名称 '四年级44班' 中提取到年级: 4
2025-11-24 11:24:25 - analyzer - DEBUG - 从班级名称 '四年级45班' 中提取到年级: 4
2025-11-24 11:24:25 - analyzer - DEBUG - 从班级名称 '四年级46班' 中提取到年级: 4
2025-11-24 11:24:26 - analyzer - DEBUG - 从班级名称 '四年级47班' 中提取到年级: 4
2025-11-24 11:24:26 - analyzer - DEBUG - 从班级名称 '四年级48班' 中提取到年级: 4
2025-11-24 11:24:26 - analyzer - DEBUG - 从班级名称 '四年级49班' 中提取到年级: 4
2025-11-24 11:24:26 - analyzer - DEBUG - 从班级名称 '四年级4班' 中提取到年级: 4
2025-11-24 11:24:27 - analyzer - DEBUG - 从班级名称 '四年级5班' 中提取到年级: 4
2025-11-24 11:24:27 - analyzer - DEBUG - 从班级名称 '四年级6班' 中提取到年级: 4
2025-11-24 11:24:27 - analyzer - DEBUG - 从班级名称 '四年级7班' 中提取到年级: 4
2025-11-24 11:24:28 - analyzer - DEBUG - 从班级名称 '四年级8班' 中提取到年级: 4
2025-11-24 11:24:28 - analyzer - DEBUG - 从班级名称 '四年级9班' 中提取到年级: 4
2025-11-24 11:27:09 - analyzer - DEBUG - 从班级名称 '一年级10班' 中提取到年级: 1
2025-11-24 11:27:09 - analyzer - DEBUG - 从班级名称 '一年级1班' 中提取到年级: 1
2025-11-24 11:27:09 - analyzer - DEBUG - 从班级名称 '一年级2班' 中提取到年级: 1
2025-11-24 11:27:09 - analyzer - DEBUG - 从班级名称 '一年级3班' 中提取到年级: 1
2025-11-24 11:27:09 - analyzer - DEBUG - 从班级名称 '一年级4班' 中提取到年级: 1
2025-11-24 11:27:09 - analyzer - DEBUG - 从班级名称 '一年级5班' 中提取到年级: 1
2025-11-24 11:27:09 - analyzer - DEBUG - 从班级名称 '一年级6班' 中提取到年级: 1
2025-11-24 11:27:09 - analyzer - DEBUG - 从班级名称 '一年级7班' 中提取到年级: 1
2025-11-24 11:27:10 - analyzer - DEBUG - 从班级名称 '一年级8班' 中提取到年级: 1
2025-11-24 11:27:10 - analyzer - DEBUG - 从班级名称 '一年级9班' 中提取到年级: 1
2025-11-24 11:27:10 - analyzer - DEBUG - 从班级名称 '三年级10班' 中提取到年级: 3
2025-11-24 11:27:10 - analyzer - DEBUG - 从班级名称 '三年级1班' 中提取到年级: 3
2025-11-24 11:27:10 - analyzer - DEBUG - 从班级名称 '三年级2班' 中提取到年级: 3
2025-11-24 11:27:10 - analyzer - DEBUG - 从班级名称 '三年级3班' 中提取到年级: 3
2025-11-24 11:27:10 - analyzer - DEBUG - 从班级名称 '三年级4班' 中提取到年级: 3
2025-11-24 11:27:10 - analyzer - DEBUG - 从班级名称 '三年级5班' 中提取到年级: 3
2025-11-24 11:27:10 - analyzer - DEBUG - 从班级名称 '三年级6班' 中提取到年级: 3
2025-11-24 11:27:10 - analyzer - DEBUG - 从班级名称 '三年级7班' 中提取到年级: 3
2025-11-24 11:27:10 - analyzer - DEBUG - 从班级名称 '三年级8班' 中提取到年级: 3
2025-11-24 11:27:10 - analyzer - DEBUG - 从班级名称 '三年级9班' 中提取到年级: 3
2025-11-24 11:27:10 - analyzer - DEBUG - 从班级名称 '二年级10班' 中提取到年级: 2
2025-11-24 11:27:10 - analyzer - DEBUG - 从班级名称 '二年级1班' 中提取到年级: 2
2025-11-24 11:27:11 - analyzer - DEBUG - 从班级名称 '二年级2班' 中提取到年级: 2
2025-11-24 11:27:11 - analyzer - DEBUG - 从班级名称 '二年级3班' 中提取到年级: 2
2025-11-24 11:27:11 - analyzer - DEBUG - 从班级名称 '二年级4班' 中提取到年级: 2
2025-11-24 11:27:11 - analyzer - DEBUG - 从班级名称 '二年级5班' 中提取到年级: 2
2025-11-24 11:27:11 - analyzer - DEBUG - 从班级名称 '二年级6班' 中提取到年级: 2
2025-11-24 11:27:11 - analyzer - DEBUG - 从班级名称 '二年级7班' 中提取到年级: 2
2025-11-24 11:27:11 - analyzer - DEBUG - 从班级名称 '二年级8班' 中提取到年级: 2
2025-11-24 11:27:11 - analyzer - DEBUG - 从班级名称 '二年级9班' 中提取到年级: 2
2025-11-24 11:27:11 - analyzer - DEBUG - 从班级名称 '五年级10班' 中提取到年级: 5
2025-11-24 11:27:11 - analyzer - DEBUG - 从班级名称 '五年级1班' 中提取到年级: 5
2025-11-24 11:27:11 - analyzer - DEBUG - 从班级名称 '五年级2班' 中提取到年级: 5
2025-11-24 11:27:11 - analyzer - DEBUG - 从班级名称 '五年级3班' 中提取到年级: 5
2025-11-24 11:27:12 - analyzer - DEBUG - 从班级名称 '五年级4班' 中提取到年级: 5
2025-11-24 11:27:12 - analyzer - DEBUG - 从班级名称 '五年级5班' 中提取到年级: 5
2025-11-24 11:27:12 - analyzer - DEBUG - 从班级名称 '五年级6班' 中提取到年级: 5
2025-11-24 11:27:12 - analyzer - DEBUG - 从班级名称 '五年级7班' 中提取到年级: 5
2025-11-24 11:27:12 - analyzer - DEBUG - 从班级名称 '五年级8班' 中提取到年级: 5
2025-11-24 11:27:12 - analyzer - DEBUG - 从班级名称 '五年级9班' 中提取到年级: 5
2025-11-24 11:27:12 - analyzer - DEBUG - 从班级名称 '六年级10班' 中提取到年级: 6
2025-11-24 11:27:12 - analyzer - DEBUG - 从班级名称 '六年级1班' 中提取到年级: 6
2025-11-24 11:27:12 - analyzer - DEBUG - 从班级名称 '六年级2班' 中提取到年级: 6
2025-11-24 11:27:12 - analyzer - DEBUG - 从班级名称 '六年级3班' 中提取到年级: 6
2025-11-24 11:27:12 - analyzer - DEBUG - 从班级名称 '六年级4班' 中提取到年级: 6
2025-11-24 11:27:12 - analyzer - DEBUG - 从班级名称 '六年级5班' 中提取到年级: 6
2025-11-24 11:27:13 - analyzer - DEBUG - 从班级名称 '六年级6班' 中提取到年级: 6
2025-11-24 11:27:13 - analyzer - DEBUG - 从班级名称 '六年级7班' 中提取到年级: 6
2025-11-24 11:27:13 - analyzer - DEBUG - 从班级名称 '六年级8班' 中提取到年级: 6
2025-11-24 11:27:13 - analyzer - DEBUG - 从班级名称 '六年级9班' 中提取到年级: 6
2025-11-24 11:27:13 - analyzer - DEBUG - 从班级名称 '四年级10班' 中提取到年级: 4
2025-11-24 11:27:13 - analyzer - DEBUG - 从班级名称 '四年级1班' 中提取到年级: 4
2025-11-24 11:27:13 - analyzer - DEBUG - 从班级名称 '四年级2班' 中提取到年级: 4
2025-11-24 11:27:13 - analyzer - DEBUG - 从班级名称 '四年级3班' 中提取到年级: 4
2025-11-24 11:27:13 - analyzer - DEBUG - 从班级名称 '四年级4班' 中提取到年级: 4
2025-11-24 11:27:13 - analyzer - DEBUG - 从班级名称 '四年级5班' 中提取到年级: 4
2025-11-24 11:27:13 - analyzer - DEBUG - 从班级名称 '四年级6班' 中提取到年级: 4
2025-11-24 11:27:14 - analyzer - DEBUG - 从班级名称 '四年级7班' 中提取到年级: 4
2025-11-24 11:27:14 - analyzer - DEBUG - 从班级名称 '四年级8班' 中提取到年级: 4
2025-11-24 11:27:14 - analyzer - DEBUG - 从班级名称 '四年级9班' 中提取到年级: 4
2025-11-24 16:02:52 - analyzer - DEBUG - 从班级名称 '二年级5班' 中提取到年级: 2
